[0.205s] DEBUG:colcon:Command line arguments: ['/usr/bin/colcon', 'build']
[0.205s] DEBUG:colcon:Parsed command line arguments: Namespace(log_base=None, log_level=None, verb_name='build', build_base='build', install_base='install', merge_install=False, symlink_install=False, test_result_base=None, continue_on_error=False, executor='parallel', parallel_workers=20, event_handlers=None, ignore_user_meta=False, metas=['./colcon.meta'], base_paths=['.'], packages_ignore=None, packages_ignore_regex=None, paths=None, packages_up_to=None, packages_up_to_regex=None, packages_above=None, packages_above_and_dependencies=None, packages_above_depth=None, packages_select_by_dep=None, packages_skip_by_dep=None, packages_skip_up_to=None, packages_select_build_failed=False, packages_skip_build_finished=False, packages_select_test_failures=False, packages_skip_test_passed=False, packages_select=None, packages_skip=None, packages_select_regex=None, packages_skip_regex=None, packages_start=None, packages_end=None, allow_overriding=[], cmake_args=None, cmake_target=None, cmake_target_skip_unavailable=False, cmake_clean_cache=False, cmake_clean_first=False, cmake_force_configure=False, meson_args=[], ament_cmake_args=None, catkin_cmake_args=None, catkin_skip_building_tests=False, mixin_files=None, mixin=None, verb_parser=<colcon_alias.argument_parser.alias.AliasArgumentDecorator object at 0x7cf5be0e1de0>, verb_extension=<colcon_core.verb.build.BuildVerb object at 0x7cf5be05fd60>, main=<bound method BuildVerb.main of <colcon_core.verb.build.BuildVerb object at 0x7cf5be05fd60>>, mixin_verb=('build',))
[0.332s] Level 1:colcon.colcon_core.package_discovery:discover_packages(colcon_meta) check parameters
[0.332s] Level 1:colcon.colcon_core.package_discovery:discover_packages(recursive) check parameters
[0.332s] Level 1:colcon.colcon_core.package_discovery:discover_packages(ignore) check parameters
[0.332s] Level 1:colcon.colcon_core.package_discovery:discover_packages(path) check parameters
[0.332s] Level 1:colcon.colcon_core.package_discovery:discover_packages(colcon_meta) discover
[0.332s] Level 1:colcon.colcon_core.package_discovery:discover_packages(recursive) discover
[0.333s] INFO:colcon.colcon_core.package_discovery:Crawling recursively for packages in '/home/greatshuhang/ros2_ws'
[0.333s] Level 1:colcon.colcon_core.package_identification:_identify(.) by extensions ['ignore', 'ignore_ament_install']
[0.333s] Level 1:colcon.colcon_core.package_identification:_identify(.) by extension 'ignore'
[0.333s] Level 1:colcon.colcon_core.package_identification:_identify(.) by extension 'ignore_ament_install'
[0.333s] Level 1:colcon.colcon_core.package_identification:_identify(.) by extensions ['colcon_pkg']
[0.333s] Level 1:colcon.colcon_core.package_identification:_identify(.) by extension 'colcon_pkg'
[0.333s] Level 1:colcon.colcon_core.package_identification:_identify(.) by extensions ['colcon_meta']
[0.333s] Level 1:colcon.colcon_core.package_identification:_identify(.) by extension 'colcon_meta'
[0.333s] Level 1:colcon.colcon_core.package_identification:_identify(.) by extensions ['ros']
[0.333s] Level 1:colcon.colcon_core.package_identification:_identify(.) by extension 'ros'
[0.339s] Level 1:colcon.colcon_core.package_identification:_identify(.) by extensions ['cmake', 'meson', 'python']
[0.339s] Level 1:colcon.colcon_core.package_identification:_identify(.) by extension 'cmake'
[0.339s] Level 1:colcon.colcon_core.package_identification:_identify(.) by extension 'meson'
[0.339s] Level 1:colcon.colcon_core.package_identification:_identify(.) by extension 'python'
[0.339s] Level 1:colcon.colcon_core.package_identification:_identify(.) by extensions ['python_setup_py']
[0.339s] Level 1:colcon.colcon_core.package_identification:_identify(.) by extension 'python_setup_py'
[0.339s] Level 1:colcon.colcon_core.package_identification:_identify(build) by extensions ['ignore', 'ignore_ament_install']
[0.339s] Level 1:colcon.colcon_core.package_identification:_identify(build) by extension 'ignore'
[0.339s] Level 1:colcon.colcon_core.package_identification:_identify(build) ignored
[0.340s] Level 1:colcon.colcon_core.package_identification:_identify(data) by extensions ['ignore', 'ignore_ament_install']
[0.340s] Level 1:colcon.colcon_core.package_identification:_identify(data) by extension 'ignore'
[0.340s] Level 1:colcon.colcon_core.package_identification:_identify(data) by extension 'ignore_ament_install'
[0.340s] Level 1:colcon.colcon_core.package_identification:_identify(data) by extensions ['colcon_pkg']
[0.340s] Level 1:colcon.colcon_core.package_identification:_identify(data) by extension 'colcon_pkg'
[0.340s] Level 1:colcon.colcon_core.package_identification:_identify(data) by extensions ['colcon_meta']
[0.340s] Level 1:colcon.colcon_core.package_identification:_identify(data) by extension 'colcon_meta'
[0.340s] Level 1:colcon.colcon_core.package_identification:_identify(data) by extensions ['ros']
[0.340s] Level 1:colcon.colcon_core.package_identification:_identify(data) by extension 'ros'
[0.340s] Level 1:colcon.colcon_core.package_identification:_identify(data) by extensions ['cmake', 'meson', 'python']
[0.340s] Level 1:colcon.colcon_core.package_identification:_identify(data) by extension 'cmake'
[0.340s] Level 1:colcon.colcon_core.package_identification:_identify(data) by extension 'meson'
[0.340s] Level 1:colcon.colcon_core.package_identification:_identify(data) by extension 'python'
[0.340s] Level 1:colcon.colcon_core.package_identification:_identify(data) by extensions ['python_setup_py']
[0.340s] Level 1:colcon.colcon_core.package_identification:_identify(data) by extension 'python_setup_py'
[0.340s] Level 1:colcon.colcon_core.package_identification:_identify(install) by extensions ['ignore', 'ignore_ament_install']
[0.340s] Level 1:colcon.colcon_core.package_identification:_identify(install) by extension 'ignore'
[0.340s] Level 1:colcon.colcon_core.package_identification:_identify(install) ignored
[0.340s] Level 1:colcon.colcon_core.package_identification:_identify(log) by extensions ['ignore', 'ignore_ament_install']
[0.340s] Level 1:colcon.colcon_core.package_identification:_identify(log) by extension 'ignore'
[0.340s] Level 1:colcon.colcon_core.package_identification:_identify(log) ignored
[0.340s] Level 1:colcon.colcon_core.package_identification:_identify(src) by extensions ['ignore', 'ignore_ament_install']
[0.340s] Level 1:colcon.colcon_core.package_identification:_identify(src) by extension 'ignore'
[0.340s] Level 1:colcon.colcon_core.package_identification:_identify(src) by extension 'ignore_ament_install'
[0.340s] Level 1:colcon.colcon_core.package_identification:_identify(src) by extensions ['colcon_pkg']
[0.340s] Level 1:colcon.colcon_core.package_identification:_identify(src) by extension 'colcon_pkg'
[0.340s] Level 1:colcon.colcon_core.package_identification:_identify(src) by extensions ['colcon_meta']
[0.340s] Level 1:colcon.colcon_core.package_identification:_identify(src) by extension 'colcon_meta'
[0.340s] Level 1:colcon.colcon_core.package_identification:_identify(src) by extensions ['ros']
[0.340s] Level 1:colcon.colcon_core.package_identification:_identify(src) by extension 'ros'
[0.340s] Level 1:colcon.colcon_core.package_identification:_identify(src) by extensions ['cmake', 'meson', 'python']
[0.340s] Level 1:colcon.colcon_core.package_identification:_identify(src) by extension 'cmake'
[0.340s] Level 1:colcon.colcon_core.package_identification:_identify(src) by extension 'meson'
[0.340s] Level 1:colcon.colcon_core.package_identification:_identify(src) by extension 'python'
[0.340s] Level 1:colcon.colcon_core.package_identification:_identify(src) by extensions ['python_setup_py']
[0.340s] Level 1:colcon.colcon_core.package_identification:_identify(src) by extension 'python_setup_py'
[0.341s] Level 1:colcon.colcon_core.package_identification:_identify(src/adhoc) by extensions ['ignore', 'ignore_ament_install']
[0.341s] Level 1:colcon.colcon_core.package_identification:_identify(src/adhoc) by extension 'ignore'
[0.341s] Level 1:colcon.colcon_core.package_identification:_identify(src/adhoc) by extension 'ignore_ament_install'
[0.341s] Level 1:colcon.colcon_core.package_identification:_identify(src/adhoc) by extensions ['colcon_pkg']
[0.341s] Level 1:colcon.colcon_core.package_identification:_identify(src/adhoc) by extension 'colcon_pkg'
[0.341s] Level 1:colcon.colcon_core.package_identification:_identify(src/adhoc) by extensions ['colcon_meta']
[0.341s] Level 1:colcon.colcon_core.package_identification:_identify(src/adhoc) by extension 'colcon_meta'
[0.341s] Level 1:colcon.colcon_core.package_identification:_identify(src/adhoc) by extensions ['ros']
[0.341s] Level 1:colcon.colcon_core.package_identification:_identify(src/adhoc) by extension 'ros'
[0.342s] DEBUG:colcon.colcon_core.package_identification:Package 'src/adhoc' with type 'ros.ament_python' and name 'adhoc'
[0.343s] Level 1:colcon.colcon_core.package_identification:_identify(src/realSense) by extensions ['ignore', 'ignore_ament_install']
[0.343s] Level 1:colcon.colcon_core.package_identification:_identify(src/realSense) by extension 'ignore'
[0.343s] Level 1:colcon.colcon_core.package_identification:_identify(src/realSense) by extension 'ignore_ament_install'
[0.343s] Level 1:colcon.colcon_core.package_identification:_identify(src/realSense) by extensions ['colcon_pkg']
[0.343s] Level 1:colcon.colcon_core.package_identification:_identify(src/realSense) by extension 'colcon_pkg'
[0.343s] Level 1:colcon.colcon_core.package_identification:_identify(src/realSense) by extensions ['colcon_meta']
[0.343s] Level 1:colcon.colcon_core.package_identification:_identify(src/realSense) by extension 'colcon_meta'
[0.343s] Level 1:colcon.colcon_core.package_identification:_identify(src/realSense) by extensions ['ros']
[0.343s] Level 1:colcon.colcon_core.package_identification:_identify(src/realSense) by extension 'ros'
[0.343s] DEBUG:colcon.colcon_core.package_identification:Package 'src/realSense' with type 'ros.ament_python' and name 'realSense'
[0.343s] Level 1:colcon.colcon_core.package_discovery:discover_packages(recursive) using defaults
[0.343s] Level 1:colcon.colcon_core.package_discovery:discover_packages(ignore) discover
[0.343s] Level 1:colcon.colcon_core.package_discovery:discover_packages(ignore) using defaults
[0.343s] Level 1:colcon.colcon_core.package_discovery:discover_packages(path) discover
[0.343s] Level 1:colcon.colcon_core.package_discovery:discover_packages(path) using defaults
[0.355s] Level 1:colcon.colcon_core.package_discovery:discover_packages(prefix_path) check parameters
[0.355s] Level 1:colcon.colcon_core.package_discovery:discover_packages(prefix_path) discover
[0.356s] DEBUG:colcon.colcon_installed_package_information.package_discovery:Found 2 installed packages in /home/greatshuhang/ros2_ws/install
[0.357s] DEBUG:colcon.colcon_installed_package_information.package_discovery:Found 490 installed packages in /opt/ros/humble
[0.359s] Level 1:colcon.colcon_core.package_discovery:discover_packages(prefix_path) using defaults
[0.393s] Level 5:colcon.colcon_core.verb:set package 'adhoc' build argument 'cmake_args' from command line to 'None'
[0.393s] Level 5:colcon.colcon_core.verb:set package 'adhoc' build argument 'cmake_target' from command line to 'None'
[0.393s] Level 5:colcon.colcon_core.verb:set package 'adhoc' build argument 'cmake_target_skip_unavailable' from command line to 'False'
[0.393s] Level 5:colcon.colcon_core.verb:set package 'adhoc' build argument 'cmake_clean_cache' from command line to 'False'
[0.393s] Level 5:colcon.colcon_core.verb:set package 'adhoc' build argument 'cmake_clean_first' from command line to 'False'
[0.393s] Level 5:colcon.colcon_core.verb:set package 'adhoc' build argument 'cmake_force_configure' from command line to 'False'
[0.393s] Level 5:colcon.colcon_core.verb:set package 'adhoc' build argument 'meson_args' from command line to '[]'
[0.393s] Level 5:colcon.colcon_core.verb:set package 'adhoc' build argument 'ament_cmake_args' from command line to 'None'
[0.393s] Level 5:colcon.colcon_core.verb:set package 'adhoc' build argument 'catkin_cmake_args' from command line to 'None'
[0.393s] Level 5:colcon.colcon_core.verb:set package 'adhoc' build argument 'catkin_skip_building_tests' from command line to 'False'
[0.393s] DEBUG:colcon.colcon_core.verb:Building package 'adhoc' with the following arguments: {'ament_cmake_args': None, 'build_base': '/home/greatshuhang/ros2_ws/build/adhoc', 'catkin_cmake_args': None, 'catkin_skip_building_tests': False, 'cmake_args': None, 'cmake_clean_cache': False, 'cmake_clean_first': False, 'cmake_force_configure': False, 'cmake_target': None, 'cmake_target_skip_unavailable': False, 'install_base': '/home/greatshuhang/ros2_ws/install/adhoc', 'merge_install': False, 'meson_args': [], 'path': '/home/greatshuhang/ros2_ws/src/adhoc', 'symlink_install': False, 'test_result_base': None}
[0.399s] Level 5:colcon.colcon_core.verb:set package 'realSense' build argument 'cmake_args' from command line to 'None'
[0.399s] Level 5:colcon.colcon_core.verb:set package 'realSense' build argument 'cmake_target' from command line to 'None'
[0.399s] Level 5:colcon.colcon_core.verb:set package 'realSense' build argument 'cmake_target_skip_unavailable' from command line to 'False'
[0.399s] Level 5:colcon.colcon_core.verb:set package 'realSense' build argument 'cmake_clean_cache' from command line to 'False'
[0.399s] Level 5:colcon.colcon_core.verb:set package 'realSense' build argument 'cmake_clean_first' from command line to 'False'
[0.399s] Level 5:colcon.colcon_core.verb:set package 'realSense' build argument 'cmake_force_configure' from command line to 'False'
[0.399s] Level 5:colcon.colcon_core.verb:set package 'realSense' build argument 'meson_args' from command line to '[]'
[0.399s] Level 5:colcon.colcon_core.verb:set package 'realSense' build argument 'ament_cmake_args' from command line to 'None'
[0.399s] Level 5:colcon.colcon_core.verb:set package 'realSense' build argument 'catkin_cmake_args' from command line to 'None'
[0.399s] Level 5:colcon.colcon_core.verb:set package 'realSense' build argument 'catkin_skip_building_tests' from command line to 'False'
[0.399s] DEBUG:colcon.colcon_core.verb:Building package 'realSense' with the following arguments: {'ament_cmake_args': None, 'build_base': '/home/greatshuhang/ros2_ws/build/realSense', 'catkin_cmake_args': None, 'catkin_skip_building_tests': False, 'cmake_args': None, 'cmake_clean_cache': False, 'cmake_clean_first': False, 'cmake_force_configure': False, 'cmake_target': None, 'cmake_target_skip_unavailable': False, 'install_base': '/home/greatshuhang/ros2_ws/install/realSense', 'merge_install': False, 'meson_args': [], 'path': '/home/greatshuhang/ros2_ws/src/realSense', 'symlink_install': False, 'test_result_base': None}
[0.399s] INFO:colcon.colcon_core.executor:Executing jobs using 'parallel' executor
[0.400s] DEBUG:colcon.colcon_parallel_executor.executor.parallel:run_until_complete
[0.400s] INFO:colcon.colcon_ros.task.ament_python.build:Building ROS package in '/home/greatshuhang/ros2_ws/src/adhoc' with build type 'ament_python'
[0.400s] Level 1:colcon.colcon_core.shell:create_environment_hook('adhoc', 'ament_prefix_path')
[0.403s] INFO:colcon.colcon_core.plugin_system:Skipping extension 'colcon_core.shell.bat': Not used on non-Windows systems
[0.403s] INFO:colcon.colcon_core.shell:Creating environment hook '/home/greatshuhang/ros2_ws/install/adhoc/share/adhoc/hook/ament_prefix_path.ps1'
[0.403s] INFO:colcon.colcon_core.shell:Creating environment descriptor '/home/greatshuhang/ros2_ws/install/adhoc/share/adhoc/hook/ament_prefix_path.dsv'
[0.404s] INFO:colcon.colcon_core.shell:Creating environment hook '/home/greatshuhang/ros2_ws/install/adhoc/share/adhoc/hook/ament_prefix_path.sh'
[0.404s] INFO:colcon.colcon_core.shell:Skip shell extension 'powershell' for command environment: Not usable outside of PowerShell
[0.404s] DEBUG:colcon.colcon_core.shell:Skip shell extension 'dsv' for command environment
[0.406s] INFO:colcon.colcon_ros.task.ament_python.build:Building ROS package in '/home/greatshuhang/ros2_ws/src/realSense' with build type 'ament_python'
[0.406s] Level 1:colcon.colcon_core.shell:create_environment_hook('realSense', 'ament_prefix_path')
[0.406s] INFO:colcon.colcon_core.shell:Creating environment hook '/home/greatshuhang/ros2_ws/install/realSense/share/realSense/hook/ament_prefix_path.ps1'
[0.407s] INFO:colcon.colcon_core.shell:Creating environment descriptor '/home/greatshuhang/ros2_ws/install/realSense/share/realSense/hook/ament_prefix_path.dsv'
[0.407s] INFO:colcon.colcon_core.shell:Creating environment hook '/home/greatshuhang/ros2_ws/install/realSense/share/realSense/hook/ament_prefix_path.sh'
[0.407s] INFO:colcon.colcon_core.shell:Skip shell extension 'powershell' for command environment: Not usable outside of PowerShell
[0.407s] DEBUG:colcon.colcon_core.shell:Skip shell extension 'dsv' for command environment
[0.554s] INFO:colcon.colcon_core.task.python.build:Building Python package in '/home/greatshuhang/ros2_ws/src/adhoc'
[0.554s] INFO:colcon.colcon_core.shell:Skip shell extension 'powershell' for command environment: Not usable outside of PowerShell
[0.554s] DEBUG:colcon.colcon_core.shell:Skip shell extension 'dsv' for command environment
[0.708s] INFO:colcon.colcon_core.task.python.build:Building Python package in '/home/greatshuhang/ros2_ws/src/realSense'
[0.708s] INFO:colcon.colcon_core.shell:Skip shell extension 'powershell' for command environment: Not usable outside of PowerShell
[0.708s] DEBUG:colcon.colcon_core.shell:Skip shell extension 'dsv' for command environment
[0.976s] DEBUG:colcon.colcon_core.event_handler.log_command:Invoking command in '/home/greatshuhang/ros2_ws/src/adhoc': PYTHONPATH=/home/greatshuhang/ros2_ws/build/adhoc/prefix_override:/home/greatshuhang/ros2_ws/install/adhoc/lib/python3.10/site-packages:${PYTHONPATH} /usr/bin/python3 -W ignore:setup.py install is deprecated setup.py egg_info --egg-base ../../build/adhoc build --build-base /home/greatshuhang/ros2_ws/build/adhoc/build install --record /home/greatshuhang/ros2_ws/build/adhoc/install.log --single-version-externally-managed install_data
[0.978s] DEBUG:colcon.colcon_core.event_handler.log_command:Invoking command in '/home/greatshuhang/ros2_ws/src/realSense': PYTHONPATH=/home/greatshuhang/ros2_ws/build/realSense/prefix_override:/home/greatshuhang/ros2_ws/install/realSense/lib/python3.10/site-packages:${PYTHONPATH} /usr/bin/python3 -W ignore:setup.py install is deprecated setup.py egg_info --egg-base ../../build/realSense build --build-base /home/greatshuhang/ros2_ws/build/realSense/build install --record /home/greatshuhang/ros2_ws/build/realSense/install.log --single-version-externally-managed install_data
[1.154s] DEBUG:colcon.colcon_core.event_handler.log_command:Invoked command in '/home/greatshuhang/ros2_ws/src/adhoc' returned '0': PYTHONPATH=/home/greatshuhang/ros2_ws/build/adhoc/prefix_override:/home/greatshuhang/ros2_ws/install/adhoc/lib/python3.10/site-packages:${PYTHONPATH} /usr/bin/python3 -W ignore:setup.py install is deprecated setup.py egg_info --egg-base ../../build/adhoc build --build-base /home/greatshuhang/ros2_ws/build/adhoc/build install --record /home/greatshuhang/ros2_ws/build/adhoc/install.log --single-version-externally-managed install_data
[1.156s] Level 1:colcon.colcon_core.environment:checking '/home/greatshuhang/ros2_ws/install/adhoc' for CMake module files
[1.156s] Level 1:colcon.colcon_core.environment:checking '/home/greatshuhang/ros2_ws/install/adhoc' for CMake config files
[1.156s] Level 1:colcon.colcon_core.environment:checking '/home/greatshuhang/ros2_ws/install/adhoc/lib'
[1.157s] Level 1:colcon.colcon_core.environment:checking '/home/greatshuhang/ros2_ws/install/adhoc/bin'
[1.157s] Level 1:colcon.colcon_core.environment:checking '/home/greatshuhang/ros2_ws/install/adhoc/lib/pkgconfig/adhoc.pc'
[1.157s] Level 1:colcon.colcon_core.environment:checking '/home/greatshuhang/ros2_ws/install/adhoc/lib/python3.10/site-packages'
[1.157s] Level 1:colcon.colcon_core.shell:create_environment_hook('adhoc', 'pythonpath')
[1.157s] INFO:colcon.colcon_core.shell:Creating environment hook '/home/greatshuhang/ros2_ws/install/adhoc/share/adhoc/hook/pythonpath.ps1'
[1.157s] INFO:colcon.colcon_core.shell:Creating environment descriptor '/home/greatshuhang/ros2_ws/install/adhoc/share/adhoc/hook/pythonpath.dsv'
[1.157s] INFO:colcon.colcon_core.shell:Creating environment hook '/home/greatshuhang/ros2_ws/install/adhoc/share/adhoc/hook/pythonpath.sh'
[1.158s] Level 1:colcon.colcon_core.environment:checking '/home/greatshuhang/ros2_ws/install/adhoc/bin'
[1.158s] Level 1:colcon.colcon_core.environment:create_environment_scripts_only(adhoc)
[1.158s] INFO:colcon.colcon_core.shell:Creating package script '/home/greatshuhang/ros2_ws/install/adhoc/share/adhoc/package.ps1'
[1.158s] INFO:colcon.colcon_core.shell:Creating package descriptor '/home/greatshuhang/ros2_ws/install/adhoc/share/adhoc/package.dsv'
[1.159s] INFO:colcon.colcon_core.shell:Creating package script '/home/greatshuhang/ros2_ws/install/adhoc/share/adhoc/package.sh'
[1.159s] INFO:colcon.colcon_core.shell:Creating package script '/home/greatshuhang/ros2_ws/install/adhoc/share/adhoc/package.bash'
[1.159s] INFO:colcon.colcon_core.shell:Creating package script '/home/greatshuhang/ros2_ws/install/adhoc/share/adhoc/package.zsh'
[1.160s] Level 1:colcon.colcon_core.environment:create_file_with_runtime_dependencies(/home/greatshuhang/ros2_ws/install/adhoc/share/colcon-core/packages/adhoc)
[1.161s] Level 1:colcon.colcon_core.environment:checking '/home/greatshuhang/ros2_ws/install/realSense' for CMake module files
[1.161s] DEBUG:colcon.colcon_core.event_handler.log_command:Invoked command in '/home/greatshuhang/ros2_ws/src/realSense' returned '0': PYTHONPATH=/home/greatshuhang/ros2_ws/build/realSense/prefix_override:/home/greatshuhang/ros2_ws/install/realSense/lib/python3.10/site-packages:${PYTHONPATH} /usr/bin/python3 -W ignore:setup.py install is deprecated setup.py egg_info --egg-base ../../build/realSense build --build-base /home/greatshuhang/ros2_ws/build/realSense/build install --record /home/greatshuhang/ros2_ws/build/realSense/install.log --single-version-externally-managed install_data
[1.161s] Level 1:colcon.colcon_core.environment:checking '/home/greatshuhang/ros2_ws/install/realSense' for CMake config files
[1.161s] Level 1:colcon.colcon_core.environment:checking '/home/greatshuhang/ros2_ws/install/realSense/lib'
[1.161s] Level 1:colcon.colcon_core.environment:checking '/home/greatshuhang/ros2_ws/install/realSense/bin'
[1.161s] Level 1:colcon.colcon_core.environment:checking '/home/greatshuhang/ros2_ws/install/realSense/lib/pkgconfig/realSense.pc'
[1.162s] Level 1:colcon.colcon_core.environment:checking '/home/greatshuhang/ros2_ws/install/realSense/lib/python3.10/site-packages'
[1.162s] Level 1:colcon.colcon_core.shell:create_environment_hook('realSense', 'pythonpath')
[1.162s] INFO:colcon.colcon_core.shell:Creating environment hook '/home/greatshuhang/ros2_ws/install/realSense/share/realSense/hook/pythonpath.ps1'
[1.162s] INFO:colcon.colcon_core.shell:Creating environment descriptor '/home/greatshuhang/ros2_ws/install/realSense/share/realSense/hook/pythonpath.dsv'
[1.162s] INFO:colcon.colcon_core.shell:Creating environment hook '/home/greatshuhang/ros2_ws/install/realSense/share/realSense/hook/pythonpath.sh'
[1.162s] Level 1:colcon.colcon_core.environment:checking '/home/greatshuhang/ros2_ws/install/realSense/bin'
[1.162s] Level 1:colcon.colcon_core.environment:create_environment_scripts_only(realSense)
[1.163s] INFO:colcon.colcon_core.shell:Creating package script '/home/greatshuhang/ros2_ws/install/realSense/share/realSense/package.ps1'
[1.163s] INFO:colcon.colcon_core.shell:Creating package descriptor '/home/greatshuhang/ros2_ws/install/realSense/share/realSense/package.dsv'
[1.163s] INFO:colcon.colcon_core.shell:Creating package script '/home/greatshuhang/ros2_ws/install/realSense/share/realSense/package.sh'
[1.163s] INFO:colcon.colcon_core.shell:Creating package script '/home/greatshuhang/ros2_ws/install/realSense/share/realSense/package.bash'
[1.163s] INFO:colcon.colcon_core.shell:Creating package script '/home/greatshuhang/ros2_ws/install/realSense/share/realSense/package.zsh'
[1.163s] Level 1:colcon.colcon_core.environment:create_file_with_runtime_dependencies(/home/greatshuhang/ros2_ws/install/realSense/share/colcon-core/packages/realSense)
[1.163s] DEBUG:colcon.colcon_parallel_executor.executor.parallel:closing loop
[1.164s] DEBUG:colcon.colcon_parallel_executor.executor.parallel:loop closed
[1.164s] DEBUG:colcon.colcon_parallel_executor.executor.parallel:run_until_complete finished with '0'
[1.164s] DEBUG:colcon.colcon_core.event_reactor:joining thread
[1.167s] INFO:colcon.colcon_core.plugin_system:Skipping extension 'colcon_notification.desktop_notification.terminal_notifier': Not used on non-Darwin systems
[1.167s] INFO:colcon.colcon_core.plugin_system:Skipping extension 'colcon_notification.desktop_notification.win32': Not used on non-Windows systems
[1.168s] INFO:colcon.colcon_notification.desktop_notification:Sending desktop notification using 'notify2'
[1.179s] DEBUG:colcon.colcon_core.event_reactor:joined thread
[1.179s] INFO:colcon.colcon_core.shell:Creating prefix script '/home/greatshuhang/ros2_ws/install/local_setup.ps1'
[1.180s] INFO:colcon.colcon_core.shell:Creating prefix util module '/home/greatshuhang/ros2_ws/install/_local_setup_util_ps1.py'
[1.181s] INFO:colcon.colcon_core.shell:Creating prefix chain script '/home/greatshuhang/ros2_ws/install/setup.ps1'
[1.181s] INFO:colcon.colcon_core.shell:Creating prefix script '/home/greatshuhang/ros2_ws/install/local_setup.sh'
[1.182s] INFO:colcon.colcon_core.shell:Creating prefix util module '/home/greatshuhang/ros2_ws/install/_local_setup_util_sh.py'
[1.182s] INFO:colcon.colcon_core.shell:Creating prefix chain script '/home/greatshuhang/ros2_ws/install/setup.sh'
[1.182s] INFO:colcon.colcon_core.shell:Creating prefix script '/home/greatshuhang/ros2_ws/install/local_setup.bash'
[1.183s] INFO:colcon.colcon_core.shell:Creating prefix chain script '/home/greatshuhang/ros2_ws/install/setup.bash'
[1.183s] INFO:colcon.colcon_core.shell:Creating prefix script '/home/greatshuhang/ros2_ws/install/local_setup.zsh'
[1.184s] INFO:colcon.colcon_core.shell:Creating prefix chain script '/home/greatshuhang/ros2_ws/install/setup.zsh'
[1.184s] INFO:colcon.colcon_core.shell:Creating '/home/greatshuhang/ros2_ws/install/spawn_shell.bash'
