running egg_info
creating ../../build/adhoc/adhoc.egg-info
writing ../../build/adhoc/adhoc.egg-info/PKG-INFO
writing dependency_links to ../../build/adhoc/adhoc.egg-info/dependency_links.txt
writing entry points to ../../build/adhoc/adhoc.egg-info/entry_points.txt
writing requirements to ../../build/adhoc/adhoc.egg-info/requires.txt
writing top-level names to ../../build/adhoc/adhoc.egg-info/top_level.txt
writing manifest file '../../build/adhoc/adhoc.egg-info/SOURCES.txt'
reading manifest file '../../build/adhoc/adhoc.egg-info/SOURCES.txt'
writing manifest file '../../build/adhoc/adhoc.egg-info/SOURCES.txt'
running build
running build_py
creating /home/greatshuhang/ros2_ws/build/adhoc/build
creating /home/greatshuhang/ros2_ws/build/adhoc/build/lib
creating /home/greatshuhang/ros2_ws/build/adhoc/build/lib/adhoc
copying adhoc/video_subscriber.py -> /home/greatshuhang/ros2_ws/build/adhoc/build/lib/adhoc
copying adhoc/__init__.py -> /home/greatshuhang/ros2_ws/build/adhoc/build/lib/adhoc
running install
running install_lib
creating /home/greatshuhang/ros2_ws/install/adhoc/lib/python3.10/site-packages/adhoc
copying /home/greatshuhang/ros2_ws/build/adhoc/build/lib/adhoc/video_subscriber.py -> /home/greatshuhang/ros2_ws/install/adhoc/lib/python3.10/site-packages/adhoc
copying /home/greatshuhang/ros2_ws/build/adhoc/build/lib/adhoc/__init__.py -> /home/greatshuhang/ros2_ws/install/adhoc/lib/python3.10/site-packages/adhoc
byte-compiling /home/greatshuhang/ros2_ws/install/adhoc/lib/python3.10/site-packages/adhoc/video_subscriber.py to video_subscriber.cpython-310.pyc
byte-compiling /home/greatshuhang/ros2_ws/install/adhoc/lib/python3.10/site-packages/adhoc/__init__.py to __init__.cpython-310.pyc
running install_data
creating /home/greatshuhang/ros2_ws/install/adhoc/share/ament_index
creating /home/greatshuhang/ros2_ws/install/adhoc/share/ament_index/resource_index
creating /home/greatshuhang/ros2_ws/install/adhoc/share/ament_index/resource_index/packages
copying resource/adhoc -> /home/greatshuhang/ros2_ws/install/adhoc/share/ament_index/resource_index/packages
copying package.xml -> /home/greatshuhang/ros2_ws/install/adhoc/share/adhoc
running install_egg_info
Copying ../../build/adhoc/adhoc.egg-info to /home/greatshuhang/ros2_ws/install/adhoc/lib/python3.10/site-packages/adhoc-0.0.0-py3.10.egg-info
running install_scripts
Installing video_publisher script to /home/greatshuhang/ros2_ws/install/adhoc/lib/adhoc
Installing video_subscriber script to /home/greatshuhang/ros2_ws/install/adhoc/lib/adhoc
writing list of installed files to '/home/greatshuhang/ros2_ws/build/adhoc/install.log'
