[0.502s] Invoking command in '/home/greatshuhang/ros2_ws/src/adhoc': PYTHONPATH=/home/greatshuhang/ros2_ws/build/adhoc/prefix_override:/home/greatshuhang/ros2_ws/install/adhoc/lib/python3.10/site-packages:${PYTHONPATH} /usr/bin/python3 -W ignore:setup.py install is deprecated setup.py egg_info --egg-base ../../build/adhoc build --build-base /home/greatshuhang/ros2_ws/build/adhoc/build install --record /home/greatshuhang/ros2_ws/build/adhoc/install.log --single-version-externally-managed install_data
[0.640s] running egg_info
[0.641s] creating ../../build/adhoc/adhoc.egg-info
[0.641s] writing ../../build/adhoc/adhoc.egg-info/PKG-INFO
[0.641s] writing dependency_links to ../../build/adhoc/adhoc.egg-info/dependency_links.txt
[0.641s] writing entry points to ../../build/adhoc/adhoc.egg-info/entry_points.txt
[0.641s] writing requirements to ../../build/adhoc/adhoc.egg-info/requires.txt
[0.641s] writing top-level names to ../../build/adhoc/adhoc.egg-info/top_level.txt
[0.641s] writing manifest file '../../build/adhoc/adhoc.egg-info/SOURCES.txt'
[0.642s] reading manifest file '../../build/adhoc/adhoc.egg-info/SOURCES.txt'
[0.643s] writing manifest file '../../build/adhoc/adhoc.egg-info/SOURCES.txt'
[0.643s] running build
[0.643s] running build_py
[0.643s] creating /home/greatshuhang/ros2_ws/build/adhoc/build
[0.643s] creating /home/greatshuhang/ros2_ws/build/adhoc/build/lib
[0.643s] creating /home/greatshuhang/ros2_ws/build/adhoc/build/lib/adhoc
[0.643s] copying adhoc/video_subscriber.py -> /home/greatshuhang/ros2_ws/build/adhoc/build/lib/adhoc
[0.643s] copying adhoc/__init__.py -> /home/greatshuhang/ros2_ws/build/adhoc/build/lib/adhoc
[0.643s] running install
[0.644s] running install_lib
[0.644s] creating /home/greatshuhang/ros2_ws/install/adhoc/lib/python3.10/site-packages/adhoc
[0.644s] copying /home/greatshuhang/ros2_ws/build/adhoc/build/lib/adhoc/video_subscriber.py -> /home/greatshuhang/ros2_ws/install/adhoc/lib/python3.10/site-packages/adhoc
[0.644s] copying /home/greatshuhang/ros2_ws/build/adhoc/build/lib/adhoc/__init__.py -> /home/greatshuhang/ros2_ws/install/adhoc/lib/python3.10/site-packages/adhoc
[0.645s] byte-compiling /home/greatshuhang/ros2_ws/install/adhoc/lib/python3.10/site-packages/adhoc/video_subscriber.py to video_subscriber.cpython-310.pyc
[0.645s] byte-compiling /home/greatshuhang/ros2_ws/install/adhoc/lib/python3.10/site-packages/adhoc/__init__.py to __init__.cpython-310.pyc
[0.645s] running install_data
[0.646s] creating /home/greatshuhang/ros2_ws/install/adhoc/share/ament_index
[0.646s] creating /home/greatshuhang/ros2_ws/install/adhoc/share/ament_index/resource_index
[0.646s] creating /home/greatshuhang/ros2_ws/install/adhoc/share/ament_index/resource_index/packages
[0.646s] copying resource/adhoc -> /home/greatshuhang/ros2_ws/install/adhoc/share/ament_index/resource_index/packages
[0.646s] copying package.xml -> /home/greatshuhang/ros2_ws/install/adhoc/share/adhoc
[0.646s] running install_egg_info
[0.647s] Copying ../../build/adhoc/adhoc.egg-info to /home/greatshuhang/ros2_ws/install/adhoc/lib/python3.10/site-packages/adhoc-0.0.0-py3.10.egg-info
[0.648s] running install_scripts
[0.660s] Installing video_publisher script to /home/greatshuhang/ros2_ws/install/adhoc/lib/adhoc
[0.660s] Installing video_subscriber script to /home/greatshuhang/ros2_ws/install/adhoc/lib/adhoc
[0.660s] writing list of installed files to '/home/greatshuhang/ros2_ws/build/adhoc/install.log'
[0.677s] Invoked command in '/home/greatshuhang/ros2_ws/src/adhoc' returned '0': PYTHONPATH=/home/greatshuhang/ros2_ws/build/adhoc/prefix_override:/home/greatshuhang/ros2_ws/install/adhoc/lib/python3.10/site-packages:${PYTHONPATH} /usr/bin/python3 -W ignore:setup.py install is deprecated setup.py egg_info --egg-base ../../build/adhoc build --build-base /home/greatshuhang/ros2_ws/build/adhoc/build install --record /home/greatshuhang/ros2_ws/build/adhoc/install.log --single-version-externally-managed install_data
