[0.390s] Invoking command in '/home/greatshuhang/ros2_ws/src/realSense': PYTHONPATH=/home/greatshuhang/ros2_ws/build/realSense/prefix_override:/home/greatshuhang/ros2_ws/install/realSense/lib/python3.10/site-packages:${PYTHONPATH} /usr/bin/python3 -W ignore:setup.py install is deprecated setup.py egg_info --egg-base ../../build/realSense build --build-base /home/greatshuhang/ros2_ws/build/realSense/build install --record /home/greatshuhang/ros2_ws/build/realSense/install.log --single-version-externally-managed install_data
[0.520s] running egg_info
[0.520s] creating ../../build/realSense/realSense.egg-info
[0.520s] writing ../../build/realSense/realSense.egg-info/PKG-INFO
[0.520s] writing dependency_links to ../../build/realSense/realSense.egg-info/dependency_links.txt
[0.520s] writing entry points to ../../build/realSense/realSense.egg-info/entry_points.txt
[0.520s] writing requirements to ../../build/realSense/realSense.egg-info/requires.txt
[0.520s] writing top-level names to ../../build/realSense/realSense.egg-info/top_level.txt
[0.520s] writing manifest file '../../build/realSense/realSense.egg-info/SOURCES.txt'
[0.521s] reading manifest file '../../build/realSense/realSense.egg-info/SOURCES.txt'
[0.522s] writing manifest file '../../build/realSense/realSense.egg-info/SOURCES.txt'
[0.522s] running build
[0.522s] running build_py
[0.522s] creating /home/greatshuhang/ros2_ws/build/realSense/build
[0.522s] creating /home/greatshuhang/ros2_ws/build/realSense/build/lib
[0.522s] creating /home/greatshuhang/ros2_ws/build/realSense/build/lib/realSense
[0.522s] copying realSense/record_control_subscriber.py -> /home/greatshuhang/ros2_ws/build/realSense/build/lib/realSense
[0.522s] copying realSense/__init__.py -> /home/greatshuhang/ros2_ws/build/realSense/build/lib/realSense
[0.522s] copying realSense/record_control_publisher.py -> /home/greatshuhang/ros2_ws/build/realSense/build/lib/realSense
[0.522s] running install
[0.522s] running install_lib
[0.522s] creating /home/greatshuhang/ros2_ws/install/realSense/lib/python3.10/site-packages/realSense
[0.522s] copying /home/greatshuhang/ros2_ws/build/realSense/build/lib/realSense/record_control_subscriber.py -> /home/greatshuhang/ros2_ws/install/realSense/lib/python3.10/site-packages/realSense
[0.522s] copying /home/greatshuhang/ros2_ws/build/realSense/build/lib/realSense/__init__.py -> /home/greatshuhang/ros2_ws/install/realSense/lib/python3.10/site-packages/realSense
[0.522s] copying /home/greatshuhang/ros2_ws/build/realSense/build/lib/realSense/record_control_publisher.py -> /home/greatshuhang/ros2_ws/install/realSense/lib/python3.10/site-packages/realSense
[0.523s] byte-compiling /home/greatshuhang/ros2_ws/install/realSense/lib/python3.10/site-packages/realSense/record_control_subscriber.py to record_control_subscriber.cpython-310.pyc
[0.523s] byte-compiling /home/greatshuhang/ros2_ws/install/realSense/lib/python3.10/site-packages/realSense/__init__.py to __init__.cpython-310.pyc
[0.523s] byte-compiling /home/greatshuhang/ros2_ws/install/realSense/lib/python3.10/site-packages/realSense/record_control_publisher.py to record_control_publisher.cpython-310.pyc
[0.523s] running install_data
[0.523s] creating /home/greatshuhang/ros2_ws/install/realSense/share/ament_index
[0.523s] creating /home/greatshuhang/ros2_ws/install/realSense/share/ament_index/resource_index
[0.523s] creating /home/greatshuhang/ros2_ws/install/realSense/share/ament_index/resource_index/packages
[0.523s] copying resource/realSense -> /home/greatshuhang/ros2_ws/install/realSense/share/ament_index/resource_index/packages
[0.523s] copying package.xml -> /home/greatshuhang/ros2_ws/install/realSense/share/realSense
[0.523s] running install_egg_info
[0.524s] Copying ../../build/realSense/realSense.egg-info to /home/greatshuhang/ros2_ws/install/realSense/lib/python3.10/site-packages/realSense-0.0.0-py3.10.egg-info
[0.525s] running install_scripts
[0.536s] Installing record_control_publisher script to /home/greatshuhang/ros2_ws/install/realSense/lib/realSense
[0.536s] Installing record_control_subscriber script to /home/greatshuhang/ros2_ws/install/realSense/lib/realSense
[0.536s] writing list of installed files to '/home/greatshuhang/ros2_ws/build/realSense/install.log'
[0.548s] Invoked command in '/home/greatshuhang/ros2_ws/src/realSense' returned '0': PYTHONPATH=/home/greatshuhang/ros2_ws/build/realSense/prefix_override:/home/greatshuhang/ros2_ws/install/realSense/lib/python3.10/site-packages:${PYTHONPATH} /usr/bin/python3 -W ignore:setup.py install is deprecated setup.py egg_info --egg-base ../../build/realSense build --build-base /home/greatshuhang/ros2_ws/build/realSense/build install --record /home/greatshuhang/ros2_ws/build/realSense/install.log --single-version-externally-managed install_data
