[0.505s] Invoking command in '/home/greatshuhang/ros2_ws/src/adhoc': PYTHONPATH=/home/greatshuhang/ros2_ws/build/adhoc/prefix_override:/home/greatshuhang/ros2_ws/install/adhoc/lib/python3.10/site-packages:${PYTHONPATH} /usr/bin/python3 -W ignore:setup.py install is deprecated setup.py egg_info --egg-base ../../build/adhoc build --build-base /home/greatshuhang/ros2_ws/build/adhoc/build install --record /home/greatshuhang/ros2_ws/build/adhoc/install.log --single-version-externally-managed install_data
[0.649s] running egg_info
[0.649s] writing ../../build/adhoc/adhoc.egg-info/PKG-INFO
[0.649s] writing dependency_links to ../../build/adhoc/adhoc.egg-info/dependency_links.txt
[0.649s] writing entry points to ../../build/adhoc/adhoc.egg-info/entry_points.txt
[0.650s] writing requirements to ../../build/adhoc/adhoc.egg-info/requires.txt
[0.650s] writing top-level names to ../../build/adhoc/adhoc.egg-info/top_level.txt
[0.650s] reading manifest file '../../build/adhoc/adhoc.egg-info/SOURCES.txt'
[0.651s] writing manifest file '../../build/adhoc/adhoc.egg-info/SOURCES.txt'
[0.651s] running build
[0.651s] running build_py
[0.651s] running install
[0.651s] running install_lib
[0.652s] running install_data
[0.652s] running install_egg_info
[0.653s] removing '/home/greatshuhang/ros2_ws/install/adhoc/lib/python3.10/site-packages/adhoc-0.0.0-py3.10.egg-info' (and everything under it)
[0.653s] Copying ../../build/adhoc/adhoc.egg-info to /home/greatshuhang/ros2_ws/install/adhoc/lib/python3.10/site-packages/adhoc-0.0.0-py3.10.egg-info
[0.653s] running install_scripts
[0.666s] Installing video_publisher script to /home/greatshuhang/ros2_ws/install/adhoc/lib/adhoc
[0.666s] Installing video_subscriber script to /home/greatshuhang/ros2_ws/install/adhoc/lib/adhoc
[0.666s] writing list of installed files to '/home/greatshuhang/ros2_ws/build/adhoc/install.log'
[0.681s] Invoked command in '/home/greatshuhang/ros2_ws/src/adhoc' returned '0': PYTHONPATH=/home/greatshuhang/ros2_ws/build/adhoc/prefix_override:/home/greatshuhang/ros2_ws/install/adhoc/lib/python3.10/site-packages:${PYTHONPATH} /usr/bin/python3 -W ignore:setup.py install is deprecated setup.py egg_info --egg-base ../../build/adhoc build --build-base /home/greatshuhang/ros2_ws/build/adhoc/build install --record /home/greatshuhang/ros2_ws/build/adhoc/install.log --single-version-externally-managed install_data
