[0.575s] Invoking command in '/home/greatshuhang/ros2_ws/src/adhoc': PYTHONPATH=/home/greatshuhang/ros2_ws/build/adhoc/prefix_override:/home/greatshuhang/ros2_ws/install/adhoc/lib/python3.10/site-packages:${PYTHONPATH} /usr/bin/python3 -W ignore:setup.py install is deprecated setup.py egg_info --egg-base ../../build/adhoc build --build-base /home/greatshuhang/ros2_ws/build/adhoc/build install --record /home/greatshuhang/ros2_ws/build/adhoc/install.log --single-version-externally-managed install_data
[0.712s] running egg_info
[0.713s] writing ../../build/adhoc/adhoc.egg-info/PKG-INFO
[0.713s] writing dependency_links to ../../build/adhoc/adhoc.egg-info/dependency_links.txt
[0.713s] writing entry points to ../../build/adhoc/adhoc.egg-info/entry_points.txt
[0.713s] writing requirements to ../../build/adhoc/adhoc.egg-info/requires.txt
[0.713s] writing top-level names to ../../build/adhoc/adhoc.egg-info/top_level.txt
[0.714s] reading manifest file '../../build/adhoc/adhoc.egg-info/SOURCES.txt'
[0.722s] writing manifest file '../../build/adhoc/adhoc.egg-info/SOURCES.txt'
[0.722s] running build
[0.722s] running build_py
[0.723s] copying adhoc/video_subscriber.py -> /home/greatshuhang/ros2_ws/build/adhoc/build/lib/adhoc
[0.723s] running install
[0.723s] running install_lib
[0.723s] copying /home/greatshuhang/ros2_ws/build/adhoc/build/lib/adhoc/video_subscriber.py -> /home/greatshuhang/ros2_ws/install/adhoc/lib/python3.10/site-packages/adhoc
[0.723s] byte-compiling /home/greatshuhang/ros2_ws/install/adhoc/lib/python3.10/site-packages/adhoc/video_subscriber.py to video_subscriber.cpython-310.pyc
[0.724s] running install_data
[0.724s] running install_egg_info
[0.725s] removing '/home/greatshuhang/ros2_ws/install/adhoc/lib/python3.10/site-packages/adhoc-0.0.0-py3.10.egg-info' (and everything under it)
[0.725s] Copying ../../build/adhoc/adhoc.egg-info to /home/greatshuhang/ros2_ws/install/adhoc/lib/python3.10/site-packages/adhoc-0.0.0-py3.10.egg-info
[0.726s] running install_scripts
[0.737s] Installing video_publisher script to /home/greatshuhang/ros2_ws/install/adhoc/lib/adhoc
[0.737s] Installing video_subscriber script to /home/greatshuhang/ros2_ws/install/adhoc/lib/adhoc
[0.737s] writing list of installed files to '/home/greatshuhang/ros2_ws/build/adhoc/install.log'
[0.753s] Invoked command in '/home/greatshuhang/ros2_ws/src/adhoc' returned '0': PYTHONPATH=/home/greatshuhang/ros2_ws/build/adhoc/prefix_override:/home/greatshuhang/ros2_ws/install/adhoc/lib/python3.10/site-packages:${PYTHONPATH} /usr/bin/python3 -W ignore:setup.py install is deprecated setup.py egg_info --egg-base ../../build/adhoc build --build-base /home/greatshuhang/ros2_ws/build/adhoc/build install --record /home/greatshuhang/ros2_ws/build/adhoc/install.log --single-version-externally-managed install_data
